нояб. 30, 2022 3:31:38 PM org.apache.coyote.AbstractProtocol init
INFO: Initializing ProtocolHandler ["http-nio-auto-1"]
нояб. 30, 2022 3:31:38 PM org.apache.tomcat.util.net.NioSelectorPool getSharedSelector
INFO: Using a shared selector for servlet write/read
нояб. 30, 2022 3:31:38 PM org.apache.catalina.core.StandardService startInternal
INFO: Starting service [Tomcat]
нояб. 30, 2022 3:31:38 PM org.apache.catalina.core.StandardEngine startInternal
INFO: Starting Servlet engine: [Apache Tomcat/8.5.69]
нояб. 30, 2022 3:31:39 PM org.apache.catalina.util.SessionIdGeneratorBase createSecureRandom
WARNING: Creation of SecureRandom instance for session ID generation using [SHA1PRNG] took [242] milliseconds.
нояб. 30, 2022 3:31:39 PM org.apache.coyote.AbstractProtocol start
INFO: Starting ProtocolHandler ["http-nio-auto-1-38085"]
нояб. 30, 2022 3:31:43 PM exercise.servlet.SessionServlet login
INFO: lavern.keeling@gmail.com
нояб. 30, 2022 3:31:43 PM exercise.servlet.SessionServlet login
INFO: shoshana.haley@hotmail.com
нояб. 30, 2022 3:31:43 PM exercise.servlet.SessionServlet login
INFO: suzann.barrows@hotmail.com
нояб. 30, 2022 3:31:43 PM exercise.servlet.SessionServlet login
INFO: lavern.keeling@gmail.com
нояб. 30, 2022 3:31:44 PM exercise.servlet.SessionServlet login
INFO: lavern.keeling@gmail.com
нояб. 30, 2022 3:31:44 PM exercise.servlet.SessionServlet login
INFO: lavern.keeling@gmail.com
нояб. 30, 2022 3:31:44 PM org.apache.coyote.AbstractProtocol pause
INFO: Pausing ProtocolHandler ["http-nio-auto-1-38085"]
нояб. 30, 2022 3:31:44 PM org.apache.catalina.core.StandardService stopInternal
INFO: Stopping service [Tomcat]
нояб. 30, 2022 3:31:44 PM org.apache.catalina.loader.WebappClassLoaderBase clearReferencesObjectStreamClassCaches
WARNING: When running on Java 9 or later you need to add "--add-opens=java.base/java.io=null" to the JVM command line arguments to enable ObjectStream cache memory leak protection. Alternatively, you can suppress this warning by disabling ObjectStream class cache memory leak protection.
нояб. 30, 2022 3:31:44 PM org.apache.catalina.loader.WebappClassLoaderBase clearReferencesRmiTargets
WARNING: When running on Java 9 or later you need to add "--add-opens=java.rmi/sun.rmi.transport=null" to the JVM command line arguments to enable RMI Target memory leak detection. Alternatively, you can suppress this warning by disabling RMI Target memory leak detection.
нояб. 30, 2022 3:31:44 PM org.apache.coyote.AbstractProtocol stop
INFO: Stopping ProtocolHandler ["http-nio-auto-1-38085"]
